Add Component: Footprint Not Found LED_TH
Add Component: Footprint Not Found LED_TH
Add Component: Footprint Not Found LED_TH
Add Component: Footprint Not Found LED_TH
Add Component: Footprint Not Found RES_TH
Add Component: Footprint Not Found RES_TH
Add Component: Footprint Not Found RES_TH
Add Component: Footprint Not Found RES_TH
Add Pin To Net: Unknown Pin: Pin LED1-1
Add Pin To Net: Unknown Pin: Pin LED1-2
Add Pin To Net: Unknown Pin: Pin LED2-1
Add Pin To Net: Unknown Pin: Pin LED2-2
Add Pin To Net: Unknown Pin: Pin LED3-1
Add Pin To Net: Unknown Pin: Pin LED3-2
Add Pin To Net: Unknown Pin: Pin LED4-1
Add Pin To Net: Unknown Pin: Pin LED4-2
Add Pin To Net: Unknown Pin: Pin R1-1
Add Pin To Net: Unknown Pin: Pin R1-2
Add Pin To Net: Unknown Pin: Pin R2-1
Add Pin To Net: Unknown Pin: Pin R2-2
Add Pin To Net: Unknown Pin: Pin R3-1
Add Pin To Net: Unknown Pin: Pin R3-2
Add Pin To Net: Unknown Pin: Pin R4-1
Add Pin To Net: Unknown Pin: Pin R4-2
Add Class Member: Failed to add class member : Component LED1 LED?
Add Class Member: Failed to add class member : Component LED2 LED?
Add Class Member: Failed to add class member : Component LED3 LED?
Add Class Member: Failed to add class member : Component LED4 LED?
Add Class Member: Failed to add class member : Component R1 RES_GENERIC
Add Class Member: Failed to add class member : Component R2 RES_GENERIC
Add Class Member: Failed to add class member : Component R3 RES_GENERIC
Add Class Member: Failed to add class member : Component R4 RES_GENERIC
