Added Component: Designator=LED1(LED_TH)
Added Component: Designator=LED2(LED_TH)
Added Component: Designator=LED3(LED_TH)
Added Component: Designator=LED4(LED_TH)
Added Component: Designator=R1(RES_TH)
Added Component: Designator=R2(RES_TH)
Added Component: Designator=R3(RES_TH)
Added Component: Designator=R4(RES_TH)
Added Pin To Net: NetName=NetLED1_1 Pin=LED1-1
Added Pin To Net: NetName=GND Pin=LED1-2
Added Pin To Net: NetName=NetLED2_1 Pin=LED2-1
Added Pin To Net: NetName=GND Pin=LED2-2
Added Pin To Net: NetName=NetLED3_1 Pin=LED3-1
Added Pin To Net: NetName=GND Pin=LED3-2
Added Pin To Net: NetName=NetLED4_1 Pin=LED4-1
Added Pin To Net: NetName=GND Pin=LED4-2
Added Pin To Net: NetName=VCC Pin=R1-1
Added Pin To Net: NetName=NetLED2_1 Pin=R1-2
Added Pin To Net: NetName=VCC Pin=R2-1
Added Pin To Net: NetName=NetLED3_1 Pin=R2-2
Added Pin To Net: NetName=VCC Pin=R3-1
Added Pin To Net: NetName=NetLED4_1 Pin=R3-2
Added Pin To Net: NetName=VCC Pin=R4-1
Added Pin To Net: NetName=NetLED1_1 Pin=R4-2
Added Member To Class: ClassName=bb8_v3 Member=Component LED1 LED?
Added Member To Class: ClassName=bb8_v3 Member=Component LED2 LED?
Added Member To Class: ClassName=bb8_v3 Member=Component LED3 LED?
Added Member To Class: ClassName=bb8_v3 Member=Component LED4 LED?
Added Member To Class: ClassName=bb8_v3 Member=Component R1 RES_GENERIC
Added Member To Class: ClassName=bb8_v3 Member=Component R2 RES_GENERIC
Added Member To Class: ClassName=bb8_v3 Member=Component R3 RES_GENERIC
Added Member To Class: ClassName=bb8_v3 Member=Component R4 RES_GENERIC
