Change Physical Footprint: Designator=C1 Old Footprint=CAPPR65-350-1150X800X1250 New Footprint=CAPPR65-350-1150X800X1250
Change Physical Footprint: Designator=C2 Old Footprint=CAPPR65-350-1150X800X1250 New Footprint=CAPPR65-350-1150X800X1250
Change Physical Footprint: Designator=C3 Old Footprint=CAPC2013X135X45NL10T25 New Footprint=CAPC2013X135X45NL10T25
Change Physical Footprint: Designator=C4 Old Footprint=CAPPR65-350-1150X800X1250 New Footprint=CAPPR65-350-1150X800X1250
Change Physical Footprint: Designator=C5 Old Footprint=CAPC2013X135X45NL10T25 New Footprint=CAPC2013X135X45NL10T25
Change Physical Footprint: Designator=C6 Old Footprint=CAPC2013X135X45NL10T25 New Footprint=CAPC2013X135X45NL10T25
Change Physical Footprint: Designator=C7 Old Footprint=CAPC2013X135X45NL10T25 New Footprint=CAPC2013X135X45NL10T25
Change Physical Footprint: Designator=C8 Old Footprint=CAPC2013X135X45NL10T25 New Footprint=CAPC2013X135X45NL10T25
Change Physical Footprint: Designator=C9 Old Footprint=CAPC2013X135X45NL10T25 New Footprint=CAPC2013X135X45NL10T25
Change Physical Footprint: Designator=J1 Old Footprint=SJ-352X New Footprint=SJ-352X
Change Physical Footprint: Designator=P1 Old Footprint=HDR2X3 New Footprint=HDR2X3
Change Physical Footprint: Designator=P2 Old Footprint=HDR1X2 New Footprint=HDR1X2
Change Physical Footprint: Designator=P3 Old Footprint=HDR1X2 New Footprint=HDR1X2
Change Physical Footprint: Designator=P4 Old Footprint=HDR1X2 New Footprint=HDR1X2
Change Physical Footprint: Designator=P5 Old Footprint=HDR1X2 New Footprint=HDR1X2
Change Physical Footprint: Designator=P6 Old Footprint=HDR1X2 New Footprint=HDR1X2
Change Physical Footprint: Designator=P7 Old Footprint=HDR1X2 New Footprint=HDR1X2
Change Physical Footprint: Designator=P8 Old Footprint=HDR1X2 New Footprint=HDR1X2
Change Physical Footprint: Designator=P9 Old Footprint=HDR1X2 New Footprint=HDR1X2
Change Physical Footprint: Designator=R1 Old Footprint=RESC0805(2012)_L New Footprint=RESC0805(2012)_L
Change Physical Footprint: Designator=R2 Old Footprint=RESC0805(2012)_L New Footprint=RESC0805(2012)_L
Change Physical Footprint: Designator=R3 Old Footprint=RESC0805(2012)_L New Footprint=RESC0805(2012)_L
Change Physical Footprint: Designator=R4 Old Footprint=RESC0805(2012)_L New Footprint=RESC0805(2012)_L
Change Physical Footprint: Designator=R5 Old Footprint=RESC0805(2012)_L New Footprint=RESC0805(2012)_L
Change Physical Footprint: Designator=R7 Old Footprint=RESC0805(2012)_L New Footprint=RESC0805(2012)_L
Change Physical Footprint: Designator=R8 Old Footprint=RESC0805(2012)_L New Footprint=RESC0805(2012)_L
Change Physical Footprint: Designator=R9 Old Footprint=RESC0805(2012)_L New Footprint=RESC0805(2012)_L
Change Physical Footprint: Designator=R10 Old Footprint=RESC0805(2012)_L New Footprint=RESC0805(2012)_L
Change Physical Footprint: Designator=R13 Old Footprint=RESC0805(2012)_L New Footprint=RESC0805(2012)_L
Change Physical Footprint: Designator=R15 Old Footprint=RESC0805(2012)_L New Footprint=RESC0805(2012)_L
Change Physical Footprint: Designator=R16 Old Footprint=RESC0805(2012)_L New Footprint=RESC0805(2012)_L
Change Physical Footprint: Designator=R17 Old Footprint=RESC0805(2012)_L New Footprint=RESC0805(2012)_L
Change Physical Footprint: Designator=U1 Old Footprint=2AA_BATTERY_PACK New Footprint=2AA_BATTERY_PACK
Change Physical Footprint: Designator=U2 Old Footprint=SOIC-14 New Footprint=SOIC-14
Change Physical Footprint: Designator=U3 Old Footprint=SOT-223 New Footprint=SOT-223
Change Physical Footprint: Designator=U4 Old Footprint=SOT-23-6 New Footprint=SOT-23-6
Change Physical Footprint: Designator=U5 Old Footprint=CPC1017N New Footprint=CPC1017N
Change Physical Footprint: Designator=U6 Old Footprint=SC-74 New Footprint=SC-74
Change Physical Footprint: Designator=U8 Old Footprint=SOIC-8 New Footprint=SOIC-8
Change Physical Footprint: Designator=U11 Old Footprint=TOUCHPAD_3_IN New Footprint=TOUCHPAD_3_IN
Change Physical Footprint: Designator=U12 Old Footprint=TSR3386 New Footprint=TSR3386
Change Physical Footprint: Designator=U13 Old Footprint=TSR3386 New Footprint=TSR3386
