Removed Pin From Net: NetName=1V8 Pin=R6-1
Removed Pin From Net: NetName=NetC7_1 Pin=R6-2
Removed Pin From Net: NetName=GND Pin=R6-3
Removed Pin From Net: NetName=NetC8_1 Pin=R14-1
Removed Pin From Net: NetName=NetC8_2 Pin=R14-2
Removed Member From Class: ClassName=st_v1 Member=R6
Removed Member From Class: ClassName=st_v1 Member=R14
Add Pin To Net: Unknown Pin: Pin U4-1
Add Pin To Net: Unknown Pin: Pin U4-2
Add Pin To Net: Unknown Pin: Pin U4-3
Add Pin To Net: Unknown Pin: Pin U4-4
Add Pin To Net: Unknown Pin: Pin U4-5
Add Pin To Net: Unknown Pin: Pin U4-6
Add Pin To Net: Unknown Pin: Pin U5-1
Add Pin To Net: Unknown Pin: Pin U5-2
Add Pin To Net: Unknown Pin: Pin U5-3
Add Pin To Net: Unknown Pin: Pin U5-4
Add Pin To Net: Unknown Pin: Pin U7-1
Add Pin To Net: Unknown Pin: Pin U7-2
Add Pin To Net: Unknown Pin: Pin U8-1
Add Pin To Net: Unknown Pin: Pin U8-2
Add Pin To Net: Unknown Pin: Pin U8-3
Add Pin To Net: Unknown Pin: Pin U8-4
Add Pin To Net: Unknown Pin: Pin U8-5
Add Pin To Net: Unknown Pin: Pin U8-6
Add Pin To Net: Unknown Pin: Pin U8-7
Add Pin To Net: Unknown Pin: Pin U8-8
Add Pin To Net: Unknown Pin: Pin U9-1
Add Pin To Net: Unknown Pin: Pin U9-2
Add Pin To Net: Unknown Pin: Pin U10-1
Add Pin To Net: Unknown Pin: Pin U10-2
Add Pin To Net: Unknown Pin: Pin U12-1
Add Pin To Net: Unknown Pin: Pin U12-2
Add Pin To Net: Unknown Pin: Pin U13-1
Add Pin To Net: Unknown Pin: Pin U13-2
Add Pin To Net: Unknown Pin: Pin U13-3
Add Class Member: Failed to add class member : Component U4 MTCH101
Add Class Member: Failed to add class member : Component U5 CPC1017N
Add Class Member: Failed to add class member : Component U7 SPST_GENERIC
Add Class Member: Failed to add class member : Component U8 TLV9062
Add Class Member: Failed to add class member : Component U9 SPST_GENERIC
Add Class Member: Failed to add class member : Component U10 SPST_GENERIC
Add Class Member: Failed to add class member : Component U12 TSR3386
Add Class Member: Failed to add class member : Component U13 TSR3386
