Added Component: Designator=U8(SOIC-8)
Add Pin To Net: Unknown Pin: Pin U4-1
Add Pin To Net: Unknown Pin: Pin U4-2
Add Pin To Net: Unknown Pin: Pin U4-3
Add Pin To Net: Unknown Pin: Pin U4-4
Add Pin To Net: Unknown Pin: Pin U4-5
Add Pin To Net: Unknown Pin: Pin U4-6
Add Pin To Net: Unknown Pin: Pin U5-1
Add Pin To Net: Unknown Pin: Pin U5-2
Add Pin To Net: Unknown Pin: Pin U5-3
Add Pin To Net: Unknown Pin: Pin U5-4
Added Pin To Net: NetName=NetC8_2 Pin=U8-1
Added Pin To Net: NetName=NetC8_1 Pin=U8-2
Added Pin To Net: NetName=GND Pin=U8-3
Added Pin To Net: NetName=GND Pin=U8-4
Added Pin To Net: NetName=GND Pin=U8-5
Added Pin To Net: NetName=NetU8_6 Pin=U8-6
Added Pin To Net: NetName=NetU8_6 Pin=U8-7
Added Pin To Net: NetName=1V8 Pin=U8-8
Add Class Member: Failed to add class member : Component U4 MTCH101
Add Class Member: Failed to add class member : Component U5 CPC1017N
Added Member To Class: ClassName=st_v1 Member=Component U8 TLV9062
